2013/10/18 00:15:33 [error] [exception.CDbException] exception 'CDbException' with message 'Table "tbl_user" does not have a column named "username".' in /Applications/MAMP/htdocs/dentist/yii/framework/db/schema/CDbCommandBuilder.php:694
Stack trace:
#0 /Applications/MAMP/htdocs/dentist/yii/framework/db/ar/CActiveRecord.php(1518): CDbCommandBuilder->createColumnCriteria(Object(CMysqlTableSchema), Array, '', Array, '`t`.')
#1 /Applications/MAMP/htdocs/dentist/dentist/protected/components/UserIdentity.php(16): CActiveRecord->findByAttributes(Array)
#2 /Applications/MAMP/htdocs/dentist/dentist/protected/models/LoginForm.php(52): UserIdentity->authenticate()
#3 /Applications/MAMP/htdocs/dentist/yii/framework/validators/CInlineValidator.php(42): LoginForm->authenticate('password', Array)
#4 /Applications/MAMP/htdocs/dentist/yii/framework/validators/CValidator.php(213): CInlineValidator->validateAttribute(Object(LoginForm), 'password')
#5 /Applications/MAMP/htdocs/dentist/yii/framework/base/CModel.php(159): CValidator->validate(Object(LoginForm), NULL)
#6 /Applications/MAMP/htdocs/dentist/dentist/protected/controllers/SiteController.php(94): CModel->validate()
#7 /Applications/MAMP/htdocs/dentist/yii/framework/web/actions/CInlineAction.php(49): SiteController->actionLogin()
#8 /Applications/MAMP/htdocs/dentist/yii/framework/web/CController.php(308): CInlineAction->runWithParams(Array)
#9 /Applications/MAMP/htdocs/dentist/yii/framework/web/CController.php(286): CController->runAction(Object(CInlineAction))
#10 /Applications/MAMP/htdocs/dentist/yii/framework/web/CController.php(265): CController->runActionWithFilters(Object(CInlineAction), Array)
#11 /Applications/MAMP/htdocs/dentist/yii/framework/web/CWebApplication.php(282): CController->run('login')
#12 /Applications/MAMP/htdocs/dentist/yii/framework/web/CWebApplication.php(141): CWebApplication->runController('site/login')
#13 /Applications/MAMP/htdocs/dentist/yii/framework/base/CApplication.php(180): CWebApplication->processRequest()
#14 /Applications/MAMP/htdocs/dentist/dentist/index.php(13): CApplication->run()
#15 {main}
REQUEST_URI=/dentist/dentist/index.php?r=site/login
HTTP_REFERER=http://127.0.0.1:8888/dentist/dentist/index.php?r=site/login
---
2013/10/18 00:18:36 [error] [exception.CException] exception 'CException' with message 'Property "UserIdentity.id_document" is not defined.' in /Applications/MAMP/htdocs/dentist/yii/framework/base/CComponent.php:130
Stack trace:
#0 /Applications/MAMP/htdocs/dentist/dentist/protected/components/UserIdentity.php(16): CComponent->__get('id_document')
#1 /Applications/MAMP/htdocs/dentist/dentist/protected/models/LoginForm.php(52): UserIdentity->authenticate()
#2 /Applications/MAMP/htdocs/dentist/yii/framework/validators/CInlineValidator.php(42): LoginForm->authenticate('password', Array)
#3 /Applications/MAMP/htdocs/dentist/yii/framework/validators/CValidator.php(213): CInlineValidator->validateAttribute(Object(LoginForm), 'password')
#4 /Applications/MAMP/htdocs/dentist/yii/framework/base/CModel.php(159): CValidator->validate(Object(LoginForm), NULL)
#5 /Applications/MAMP/htdocs/dentist/dentist/protected/controllers/SiteController.php(94): CModel->validate()
#6 /Applications/MAMP/htdocs/dentist/yii/framework/web/actions/CInlineAction.php(49): SiteController->actionLogin()
#7 /Applications/MAMP/htdocs/dentist/yii/framework/web/CController.php(308): CInlineAction->runWithParams(Array)
#8 /Applications/MAMP/htdocs/dentist/yii/framework/web/CController.php(286): CController->runAction(Object(CInlineAction))
#9 /Applications/MAMP/htdocs/dentist/yii/framework/web/CController.php(265): CController->runActionWithFilters(Object(CInlineAction), Array)
#10 /Applications/MAMP/htdocs/dentist/yii/framework/web/CWebApplication.php(282): CController->run('login')
#11 /Applications/MAMP/htdocs/dentist/yii/framework/web/CWebApplication.php(141): CWebApplication->runController('site/login')
#12 /Applications/MAMP/htdocs/dentist/yii/framework/base/CApplication.php(180): CWebApplication->processRequest()
#13 /Applications/MAMP/htdocs/dentist/dentist/index.php(13): CApplication->run()
#14 {main}
REQUEST_URI=/dentist/dentist/index.php?r=site/login
HTTP_REFERER=http://127.0.0.1:8888/dentist/dentist/index.php?r=site/login
---
2013/10/18 00:19:04 [error] [exception.CException] exception 'CException' with message 'Property "UserIdentity.id_document" is not defined.' in /Applications/MAMP/htdocs/dentist/yii/framework/base/CComponent.php:130
Stack trace:
#0 /Applications/MAMP/htdocs/dentist/dentist/protected/components/UserIdentity.php(16): CComponent->__get('id_document')
#1 /Applications/MAMP/htdocs/dentist/dentist/protected/models/LoginForm.php(52): UserIdentity->authenticate()
#2 /Applications/MAMP/htdocs/dentist/yii/framework/validators/CInlineValidator.php(42): LoginForm->authenticate('password', Array)
#3 /Applications/MAMP/htdocs/dentist/yii/framework/validators/CValidator.php(213): CInlineValidator->validateAttribute(Object(LoginForm), 'password')
#4 /Applications/MAMP/htdocs/dentist/yii/framework/base/CModel.php(159): CValidator->validate(Object(LoginForm), NULL)
#5 /Applications/MAMP/htdocs/dentist/dentist/protected/controllers/SiteController.php(94): CModel->validate()
#6 /Applications/MAMP/htdocs/dentist/yii/framework/web/actions/CInlineAction.php(49): SiteController->actionLogin()
#7 /Applications/MAMP/htdocs/dentist/yii/framework/web/CController.php(308): CInlineAction->runWithParams(Array)
#8 /Applications/MAMP/htdocs/dentist/yii/framework/web/CController.php(286): CController->runAction(Object(CInlineAction))
#9 /Applications/MAMP/htdocs/dentist/yii/framework/web/CController.php(265): CController->runActionWithFilters(Object(CInlineAction), Array)
#10 /Applications/MAMP/htdocs/dentist/yii/framework/web/CWebApplication.php(282): CController->run('login')
#11 /Applications/MAMP/htdocs/dentist/yii/framework/web/CWebApplication.php(141): CWebApplication->runController('site/login')
#12 /Applications/MAMP/htdocs/dentist/yii/framework/base/CApplication.php(180): CWebApplication->processRequest()
#13 /Applications/MAMP/htdocs/dentist/dentist/index.php(13): CApplication->run()
#14 {main}
REQUEST_URI=/dentist/dentist/index.php?r=site/login
HTTP_REFERER=http://127.0.0.1:8888/dentist/dentist/index.php?r=site/login
---
2013/10/18 00:26:10 [error] [exception.CHttpException.404] exception 'CHttpException' with message 'Unable to resolve the request "anamnesia".' in /Applications/MAMP/htdocs/dentist/yii/framework/web/CWebApplication.php:286
Stack trace:
#0 /Applications/MAMP/htdocs/dentist/yii/framework/web/CWebApplication.php(141): CWebApplication->runController('anamnesia')
#1 /Applications/MAMP/htdocs/dentist/yii/framework/base/CApplication.php(180): CWebApplication->processRequest()
#2 /Applications/MAMP/htdocs/dentist/dentist/index.php(13): CApplication->run()
#3 {main}
REQUEST_URI=/dentist/dentist/index.php?r=anamnesia
---
2013/10/18 00:26:51 [error] [exception.CException] exception 'CException' with message 'Property "UserIdentity.id_document" is not defined.' in /Applications/MAMP/htdocs/dentist/yii/framework/base/CComponent.php:130
Stack trace:
#0 /Applications/MAMP/htdocs/dentist/dentist/protected/components/UserIdentity.php(18): CComponent->__get('id_document')
#1 /Applications/MAMP/htdocs/dentist/dentist/protected/models/LoginForm.php(52): UserIdentity->authenticate()
#2 /Applications/MAMP/htdocs/dentist/yii/framework/validators/CInlineValidator.php(42): LoginForm->authenticate('password', Array)
#3 /Applications/MAMP/htdocs/dentist/yii/framework/validators/CValidator.php(213): CInlineValidator->validateAttribute(Object(LoginForm), 'password')
#4 /Applications/MAMP/htdocs/dentist/yii/framework/base/CModel.php(159): CValidator->validate(Object(LoginForm), NULL)
#5 /Applications/MAMP/htdocs/dentist/dentist/protected/controllers/SiteController.php(94): CModel->validate()
#6 /Applications/MAMP/htdocs/dentist/yii/framework/web/actions/CInlineAction.php(49): SiteController->actionLogin()
#7 /Applications/MAMP/htdocs/dentist/yii/framework/web/CController.php(308): CInlineAction->runWithParams(Array)
#8 /Applications/MAMP/htdocs/dentist/yii/framework/web/CController.php(286): CController->runAction(Object(CInlineAction))
#9 /Applications/MAMP/htdocs/dentist/yii/framework/web/CController.php(265): CController->runActionWithFilters(Object(CInlineAction), Array)
#10 /Applications/MAMP/htdocs/dentist/yii/framework/web/CWebApplication.php(282): CController->run('login')
#11 /Applications/MAMP/htdocs/dentist/yii/framework/web/CWebApplication.php(141): CWebApplication->runController('site/login')
#12 /Applications/MAMP/htdocs/dentist/yii/framework/base/CApplication.php(180): CWebApplication->processRequest()
#13 /Applications/MAMP/htdocs/dentist/dentist/index.php(13): CApplication->run()
#14 {main}
REQUEST_URI=/dentist/dentist/index.php?r=site/login
HTTP_REFERER=http://127.0.0.1:8888/dentist/dentist/index.php?r=site/login
---
2013/10/18 00:33:02 [warning] [application] Failed to set unsafe attribute "username" of "LoginForm".
in /Applications/MAMP/htdocs/dentist/dentist/protected/controllers/SiteController.php (92)
in /Applications/MAMP/htdocs/dentist/dentist/index.php (13)
2013/10/18 00:33:25 [warning] [application] Failed to set unsafe attribute "username" of "LoginForm".
in /Applications/MAMP/htdocs/dentist/dentist/protected/controllers/SiteController.php (92)
in /Applications/MAMP/htdocs/dentist/dentist/index.php (13)
2013/10/18 00:34:42 [error] [exception.CException] exception 'CException' with message 'Property "UserIdentity.id_document" is not defined.' in /Applications/MAMP/htdocs/dentist/yii/framework/base/CComponent.php:130
Stack trace:
#0 /Applications/MAMP/htdocs/dentist/dentist/protected/components/UserIdentity.php(18): CComponent->__get('id_document')
#1 /Applications/MAMP/htdocs/dentist/dentist/protected/models/LoginForm.php(53): UserIdentity->authenticate()
#2 /Applications/MAMP/htdocs/dentist/yii/framework/validators/CInlineValidator.php(42): LoginForm->authenticate('password', Array)
#3 /Applications/MAMP/htdocs/dentist/yii/framework/validators/CValidator.php(213): CInlineValidator->validateAttribute(Object(LoginForm), 'password')
#4 /Applications/MAMP/htdocs/dentist/yii/framework/base/CModel.php(159): CValidator->validate(Object(LoginForm), NULL)
#5 /Applications/MAMP/htdocs/dentist/dentist/protected/controllers/SiteController.php(94): CModel->validate()
#6 /Applications/MAMP/htdocs/dentist/yii/framework/web/actions/CInlineAction.php(49): SiteController->actionLogin()
#7 /Applications/MAMP/htdocs/dentist/yii/framework/web/CController.php(308): CInlineAction->runWithParams(Array)
#8 /Applications/MAMP/htdocs/dentist/yii/framework/web/CController.php(286): CController->runAction(Object(CInlineAction))
#9 /Applications/MAMP/htdocs/dentist/yii/framework/web/CController.php(265): CController->runActionWithFilters(Object(CInlineAction), Array)
#10 /Applications/MAMP/htdocs/dentist/yii/framework/web/CWebApplication.php(282): CController->run('login')
#11 /Applications/MAMP/htdocs/dentist/yii/framework/web/CWebApplication.php(141): CWebApplication->runController('site/login')
#12 /Applications/MAMP/htdocs/dentist/yii/framework/base/CApplication.php(180): CWebApplication->processRequest()
#13 /Applications/MAMP/htdocs/dentist/dentist/index.php(13): CApplication->run()
#14 {main}
REQUEST_URI=/dentist/dentist/index.php?r=site/login
HTTP_REFERER=http://127.0.0.1:8888/dentist/dentist/index.php?r=site/login
---
2013/10/18 00:35:18 [error] [exception.CException] exception 'CException' with message 'Property "UserIdentity.id_document" is not defined.' in /Applications/MAMP/htdocs/dentist/yii/framework/base/CComponent.php:130
Stack trace:
#0 /Applications/MAMP/htdocs/dentist/dentist/protected/components/UserIdentity.php(18): CComponent->__get('id_document')
#1 /Applications/MAMP/htdocs/dentist/dentist/protected/models/LoginForm.php(53): UserIdentity->authenticate()
#2 /Applications/MAMP/htdocs/dentist/yii/framework/validators/CInlineValidator.php(42): LoginForm->authenticate('password', Array)
#3 /Applications/MAMP/htdocs/dentist/yii/framework/validators/CValidator.php(213): CInlineValidator->validateAttribute(Object(LoginForm), 'password')
#4 /Applications/MAMP/htdocs/dentist/yii/framework/base/CModel.php(159): CValidator->validate(Object(LoginForm), NULL)
#5 /Applications/MAMP/htdocs/dentist/dentist/protected/controllers/SiteController.php(94): CModel->validate()
#6 /Applications/MAMP/htdocs/dentist/yii/framework/web/actions/CInlineAction.php(49): SiteController->actionLogin()
#7 /Applications/MAMP/htdocs/dentist/yii/framework/web/CController.php(308): CInlineAction->runWithParams(Array)
#8 /Applications/MAMP/htdocs/dentist/yii/framework/web/CController.php(286): CController->runAction(Object(CInlineAction))
#9 /Applications/MAMP/htdocs/dentist/yii/framework/web/CController.php(265): CController->runActionWithFilters(Object(CInlineAction), Array)
#10 /Applications/MAMP/htdocs/dentist/yii/framework/web/CWebApplication.php(282): CController->run('login')
#11 /Applications/MAMP/htdocs/dentist/yii/framework/web/CWebApplication.php(141): CWebApplication->runController('site/login')
#12 /Applications/MAMP/htdocs/dentist/yii/framework/base/CApplication.php(180): CWebApplication->processRequest()
#13 /Applications/MAMP/htdocs/dentist/dentist/index.php(13): CApplication->run()
#14 {main}
REQUEST_URI=/dentist/dentist/index.php?r=site/login
HTTP_REFERER=http://127.0.0.1:8888/dentist/dentist/index.php?r=site/login
---
2013/10/18 00:37:07 [error] [exception.CException] exception 'CException' with message 'Property "UserIdentity.id_document" is not defined.' in /Applications/MAMP/htdocs/dentist/yii/framework/base/CComponent.php:130
Stack trace:
#0 /Applications/MAMP/htdocs/dentist/dentist/protected/components/UserIdentity.php(18): CComponent->__get('id_document')
#1 /Applications/MAMP/htdocs/dentist/dentist/protected/models/LoginForm.php(52): UserIdentity->authenticate()
#2 /Applications/MAMP/htdocs/dentist/yii/framework/validators/CInlineValidator.php(42): LoginForm->authenticate('password', Array)
#3 /Applications/MAMP/htdocs/dentist/yii/framework/validators/CValidator.php(213): CInlineValidator->validateAttribute(Object(LoginForm), 'password')
#4 /Applications/MAMP/htdocs/dentist/yii/framework/base/CModel.php(159): CValidator->validate(Object(LoginForm), NULL)
#5 /Applications/MAMP/htdocs/dentist/dentist/protected/controllers/SiteController.php(94): CModel->validate()
#6 /Applications/MAMP/htdocs/dentist/yii/framework/web/actions/CInlineAction.php(49): SiteController->actionLogin()
#7 /Applications/MAMP/htdocs/dentist/yii/framework/web/CController.php(308): CInlineAction->runWithParams(Array)
#8 /Applications/MAMP/htdocs/dentist/yii/framework/web/CController.php(286): CController->runAction(Object(CInlineAction))
#9 /Applications/MAMP/htdocs/dentist/yii/framework/web/CController.php(265): CController->runActionWithFilters(Object(CInlineAction), Array)
#10 /Applications/MAMP/htdocs/dentist/yii/framework/web/CWebApplication.php(282): CController->run('login')
#11 /Applications/MAMP/htdocs/dentist/yii/framework/web/CWebApplication.php(141): CWebApplication->runController('site/login')
#12 /Applications/MAMP/htdocs/dentist/yii/framework/base/CApplication.php(180): CWebApplication->processRequest()
#13 /Applications/MAMP/htdocs/dentist/dentist/index.php(13): CApplication->run()
#14 {main}
REQUEST_URI=/dentist/dentist/index.php?r=site/login
HTTP_REFERER=http://127.0.0.1:8888/dentist/dentist/index.php?r=site/login
---
2013/10/18 00:37:48 [error] [exception.CDbException] exception 'CDbException' with message 'Table "tbl_user" does not have a column named "username".' in /Applications/MAMP/htdocs/dentist/yii/framework/db/schema/CDbCommandBuilder.php:694
Stack trace:
#0 /Applications/MAMP/htdocs/dentist/yii/framework/db/ar/CActiveRecord.php(1518): CDbCommandBuilder->createColumnCriteria(Object(CMysqlTableSchema), Array, '', Array, '`t`.')
#1 /Applications/MAMP/htdocs/dentist/dentist/protected/components/UserIdentity.php(18): CActiveRecord->findByAttributes(Array)
#2 /Applications/MAMP/htdocs/dentist/dentist/protected/models/LoginForm.php(52): UserIdentity->authenticate()
#3 /Applications/MAMP/htdocs/dentist/yii/framework/validators/CInlineValidator.php(42): LoginForm->authenticate('password', Array)
#4 /Applications/MAMP/htdocs/dentist/yii/framework/validators/CValidator.php(213): CInlineValidator->validateAttribute(Object(LoginForm), 'password')
#5 /Applications/MAMP/htdocs/dentist/yii/framework/base/CModel.php(159): CValidator->validate(Object(LoginForm), NULL)
#6 /Applications/MAMP/htdocs/dentist/dentist/protected/controllers/SiteController.php(94): CModel->validate()
#7 /Applications/MAMP/htdocs/dentist/yii/framework/web/actions/CInlineAction.php(49): SiteController->actionLogin()
#8 /Applications/MAMP/htdocs/dentist/yii/framework/web/CController.php(308): CInlineAction->runWithParams(Array)
#9 /Applications/MAMP/htdocs/dentist/yii/framework/web/CController.php(286): CController->runAction(Object(CInlineAction))
#10 /Applications/MAMP/htdocs/dentist/yii/framework/web/CController.php(265): CController->runActionWithFilters(Object(CInlineAction), Array)
#11 /Applications/MAMP/htdocs/dentist/yii/framework/web/CWebApplication.php(282): CController->run('login')
#12 /Applications/MAMP/htdocs/dentist/yii/framework/web/CWebApplication.php(141): CWebApplication->runController('site/login')
#13 /Applications/MAMP/htdocs/dentist/yii/framework/base/CApplication.php(180): CWebApplication->processRequest()
#14 /Applications/MAMP/htdocs/dentist/dentist/index.php(13): CApplication->run()
#15 {main}
REQUEST_URI=/dentist/dentist/index.php?r=site/login
HTTP_REFERER=http://127.0.0.1:8888/dentist/dentist/index.php?r=site/login
---
2013/10/18 00:40:13 [error] [exception.CException] exception 'CException' with message 'Property "User.id" is not defined.' in /Applications/MAMP/htdocs/dentist/yii/framework/base/CComponent.php:130
Stack trace:
#0 /Applications/MAMP/htdocs/dentist/yii/framework/db/ar/CActiveRecord.php(145): CComponent->__get('id')
#1 /Applications/MAMP/htdocs/dentist/dentist/protected/components/UserIdentity.php(32): CActiveRecord->__get('id')
#2 /Applications/MAMP/htdocs/dentist/dentist/protected/models/LoginForm.php(52): UserIdentity->authenticate()
#3 /Applications/MAMP/htdocs/dentist/yii/framework/validators/CInlineValidator.php(42): LoginForm->authenticate('password', Array)
#4 /Applications/MAMP/htdocs/dentist/yii/framework/validators/CValidator.php(213): CInlineValidator->validateAttribute(Object(LoginForm), 'password')
#5 /Applications/MAMP/htdocs/dentist/yii/framework/base/CModel.php(159): CValidator->validate(Object(LoginForm), NULL)
#6 /Applications/MAMP/htdocs/dentist/dentist/protected/controllers/SiteController.php(94): CModel->validate()
#7 /Applications/MAMP/htdocs/dentist/yii/framework/web/actions/CInlineAction.php(49): SiteController->actionLogin()
#8 /Applications/MAMP/htdocs/dentist/yii/framework/web/CController.php(308): CInlineAction->runWithParams(Array)
#9 /Applications/MAMP/htdocs/dentist/yii/framework/web/CController.php(286): CController->runAction(Object(CInlineAction))
#10 /Applications/MAMP/htdocs/dentist/yii/framework/web/CController.php(265): CController->runActionWithFilters(Object(CInlineAction), Array)
#11 /Applications/MAMP/htdocs/dentist/yii/framework/web/CWebApplication.php(282): CController->run('login')
#12 /Applications/MAMP/htdocs/dentist/yii/framework/web/CWebApplication.php(141): CWebApplication->runController('site/login')
#13 /Applications/MAMP/htdocs/dentist/yii/framework/base/CApplication.php(180): CWebApplication->processRequest()
#14 /Applications/MAMP/htdocs/dentist/dentist/index.php(13): CApplication->run()
#15 {main}
REQUEST_URI=/dentist/dentist/index.php?r=site/login
HTTP_REFERER=http://127.0.0.1:8888/dentist/dentist/index.php?r=site/login
---
2013/10/18 00:42:29 [error] [exception.CException] exception 'CException' with message 'Property "User.id" is not defined.' in /Applications/MAMP/htdocs/dentist/yii/framework/base/CComponent.php:130
Stack trace:
#0 /Applications/MAMP/htdocs/dentist/yii/framework/db/ar/CActiveRecord.php(145): CComponent->__get('id')
#1 /Applications/MAMP/htdocs/dentist/dentist/protected/components/UserIdentity.php(32): CActiveRecord->__get('id')
#2 /Applications/MAMP/htdocs/dentist/dentist/protected/models/LoginForm.php(52): UserIdentity->authenticate()
#3 /Applications/MAMP/htdocs/dentist/yii/framework/validators/CInlineValidator.php(42): LoginForm->authenticate('password', Array)
#4 /Applications/MAMP/htdocs/dentist/yii/framework/validators/CValidator.php(213): CInlineValidator->validateAttribute(Object(LoginForm), 'password')
#5 /Applications/MAMP/htdocs/dentist/yii/framework/base/CModel.php(159): CValidator->validate(Object(LoginForm), NULL)
#6 /Applications/MAMP/htdocs/dentist/dentist/protected/controllers/SiteController.php(94): CModel->validate()
#7 /Applications/MAMP/htdocs/dentist/yii/framework/web/actions/CInlineAction.php(49): SiteController->actionLogin()
#8 /Applications/MAMP/htdocs/dentist/yii/framework/web/CController.php(308): CInlineAction->runWithParams(Array)
#9 /Applications/MAMP/htdocs/dentist/yii/framework/web/CController.php(286): CController->runAction(Object(CInlineAction))
#10 /Applications/MAMP/htdocs/dentist/yii/framework/web/CController.php(265): CController->runActionWithFilters(Object(CInlineAction), Array)
#11 /Applications/MAMP/htdocs/dentist/yii/framework/web/CWebApplication.php(282): CController->run('login')
#12 /Applications/MAMP/htdocs/dentist/yii/framework/web/CWebApplication.php(141): CWebApplication->runController('site/login')
#13 /Applications/MAMP/htdocs/dentist/yii/framework/base/CApplication.php(180): CWebApplication->processRequest()
#14 /Applications/MAMP/htdocs/dentist/dentist/index.php(13): CApplication->run()
#15 {main}
REQUEST_URI=/dentist/dentist/index.php?r=site/login
HTTP_REFERER=http://127.0.0.1:8888/dentist/dentist/index.php?r=site/login
---
2013/10/18 01:11:54 [error] [exception.CHttpException.404] exception 'CHttpException' with message 'Unable to resolve the request "project".' in /Applications/MAMP/htdocs/dentist/yii/framework/web/CWebApplication.php:286
Stack trace:
#0 /Applications/MAMP/htdocs/dentist/yii/framework/web/CWebApplication.php(141): CWebApplication->runController('project')
#1 /Applications/MAMP/htdocs/dentist/yii/framework/base/CApplication.php(180): CWebApplication->processRequest()
#2 /Applications/MAMP/htdocs/dentist/dentist/index.php(13): CApplication->run()
#3 {main}
REQUEST_URI=/dentist/dentist/index.php?r=project
---
2013/10/28 18:05:00 [error] [exception.CHttpException.404] exception 'CHttpException' with message 'Unable to resolve the request "bloodgroup".' in /Applications/MAMP/htdocs/dentist/yii/framework/web/CWebApplication.php:286
Stack trace:
#0 /Applications/MAMP/htdocs/dentist/yii/framework/web/CWebApplication.php(141): CWebApplication->runController('bloodgroup')
#1 /Applications/MAMP/htdocs/dentist/yii/framework/base/CApplication.php(180): CWebApplication->processRequest()
#2 /Applications/MAMP/htdocs/dentist/dentist/index.php(13): CApplication->run()
#3 {main}
REQUEST_URI=/dentist/dentist/index.php?r=bloodgroup
---
